Arguments: 
  /usr/local/bin/node /usr/share/yarn/bin/yarn.js add normolize-css

PATH: 
  /usr/local/sbin:/usr/local/bin:/usr/sbin:/usr/bin:/sbin:/bin:/usr/games:/usr/local/games:/snap/bin

Yarn version: 
  1.22.5

Node version: 
  15.2.1

Platform: 
  linux x64

Trace: 
  Error: https://registry.npmjs.org/normolize-css: Not found
      at Request.params.callback [as _callback] (/usr/share/yarn/lib/cli.js:66988:18)
      at Request.self.callback (/usr/share/yarn/lib/cli.js:140749:22)
      at Request.emit (node:events:329:20)
      at Request.<anonymous> (/usr/share/yarn/lib/cli.js:141721:10)
      at Request.emit (node:events:329:20)
      at IncomingMessage.<anonymous> (/usr/share/yarn/lib/cli.js:141643:12)
      at Object.onceWrapper (node:events:435:28)
      at IncomingMessage.emit (node:events:341:22)
      at endReadableNT (node:internal/streams/readable:1294:12)
      at processTicksAndRejections (node:internal/process/task_queues:80:21)

npm manifest: 
  {
    "name": "rsschool-friday-coding-layout",
    "version": "1.0.0",
    "description": "",
    "main": "index.js",
    "scripts": {
      "style": "sass --watch sass/style.scss sass/style.css",
      "test": "echo \"Error: no test specified\" && exit 1"
    },
    "repository": {
      "type": "git",
      "url": "git+https://github.com/KSGitUser/rsschool-friday-coding-layout.git"
    },
    "keywords": [],
    "author": "Sergey Krikun",
    "license": "ISC",
    "bugs": {
      "url": "https://github.com/KSGitUser/rsschool-friday-coding-layout/issues"
    },
    "homepage": "https://github.com/KSGitUser/rsschool-friday-coding-layout#readme",
    "dependencies": {
      "sass": "^1.32.8"
    }
  }

yarn manifest: 
  No manifest

Lockfile: 
  No lockfile
